# JRE version: OpenJDK Runtime Environment Microsoft-8035246 (17.0.8+7) (build 17.0.8+7-LTS)
# Java VM: OpenJDK 64-Bit Server VM Microsoft-8035246 (17.0.8+7-LTS, mixed mode, tiered, compressed oops, compressed class ptrs, g1 gc, windows-amd64)
GC Precious Log:
 CPUs: 6 total, 6 available
 Memory: 16332M
 Large Page Support: Disabled
 NUMA Support: Disabled
 Compressed Oops: Enabled (Zero based)
 Heap Region Size: 32M
 Heap Min Capacity: 32M
 Heap Initial Capacity: 256M
 Heap Max Capacity: 3008M
 Pre-touch: Disabled
 Parallel Workers: 6
 Concurrent Workers: 2
 Concurrent Refinement Workers: 6
 Periodic GC: Disabled
Heap:
 garbage-first heap   total 3080192K, used 2154367K [0x0000000744000000, 0x0000000800000000)
  region size 32768K, 22 young (720896K), 1 survivors (32768K)
 Metaspace       used 207605K, committed 209472K, reserved 1245184K
  class space    used 29214K, committed 30016K, reserved 1048576K
GC Heap History (20 events):
Event: 38727.729 GC heap before
{Heap before GC invocations=2909 (full 0):
 garbage-first heap   total 3080192K, used 2413117K [0x0000000744000000, 0x0000000800000000)
  region size 32768K, 29 young (950272K), 1 survivors (32768K)
 Metaspace       used 207284K, committed 209088K, reserved 1245184K
  class space    used 29153K, committed 29952K, reserved 1048576K
}
Event: 38727.736 GC heap after
{Heap after GC invocations=2910 (full 0):
 garbage-first heap   total 3080192K, used 1496757K [0x0000000744000000, 0x0000000800000000)
  region size 32768K, 1 young (32768K), 1 survivors (32768K)
 Metaspace       used 207284K, committed 209088K, reserved 1245184K
  class space    used 29153K, committed 29952K, reserved 1048576K
}
Event: 38745.941 GC heap before
{Heap before GC invocations=2910 (full 0):
 garbage-first heap   total 3080192K, used 2414261K [0x0000000744000000, 0x0000000800000000)
  region size 32768K, 29 young (950272K), 1 survivors (32768K)
 Metaspace       used 207284K, committed 209088K, reserved 1245184K
  class space    used 29153K, committed 29952K, reserved 1048576K
}
Event: 38745.949 GC heap after
{Heap after GC invocations=2911 (full 0):
 garbage-first heap   total 3080192K, used 1496631K [0x0000000744000000, 0x0000000800000000)
  region size 32768K, 1 young (32768K), 1 survivors (32768K)
 Metaspace       used 207284K, committed 209088K, reserved 1245184K
  class space    used 29153K, committed 29952K, reserved 1048576K
}
Event: 38767.170 GC heap before
{Heap before GC invocations=2912 (full 0):
 garbage-first heap   total 3080192K, used 2414135K [0x0000000744000000, 0x0000000800000000)
  region size 32768K, 29 young (950272K), 1 survivors (32768K)
 Metaspace       used 207284K, committed 209088K, reserved 1245184K
  class space    used 29153K, committed 29952K, reserved 1048576K
}
Event: 38767.178 GC heap after
{Heap after GC invocations=2913 (full 0):
 garbage-first heap   total 3080192K, used 1497212K [0x0000000744000000, 0x0000000800000000)
  region size 32768K, 1 young (32768K), 1 survivors (32768K)
 Metaspace       used 207284K, committed 209088K, reserved 1245184K
  class space    used 29153K, committed 29952K, reserved 1048576K
}
Event: 38788.020 GC heap before
{Heap before GC invocations=2913 (full 0):
 garbage-first heap   total 3080192K, used 2381948K [0x0000000744000000, 0x0000000800000000)
  region size 32768K, 28 young (917504K), 1 survivors (32768K)
 Metaspace       used 207284K, committed 209088K, reserved 1245184K
  class space    used 29153K, committed 29952K, reserved 1048576K
}
Event: 38788.027 GC heap after
{Heap after GC invocations=2914 (full 0):
 garbage-first heap   total 3080192K, used 1496603K [0x0000000744000000, 0x0000000800000000)
  region size 32768K, 1 young (32768K), 1 survivors (32768K)
 Metaspace       used 207284K, committed 209088K, reserved 1245184K
  class space    used 29153K, committed 29952K, reserved 1048576K
}
Event: 38807.078 GC heap before
{Heap before GC invocations=2915 (full 0):
 garbage-first heap   total 3080192K, used 2381339K [0x0000000744000000, 0x0000000800000000)
  region size 32768K, 28 young (917504K), 1 survivors (32768K)
 Metaspace       used 207284K, committed 209088K, reserved 1245184K
  class space    used 29153K, committed 29952K, reserved 1048576K
}
Event: 38807.086 GC heap after
{Heap after GC invocations=2916 (full 0):
 garbage-first heap   total 3080192K, used 1497697K [0x0000000744000000, 0x0000000800000000)
  region size 32768K, 1 young (32768K), 1 survivors (32768K)
 Metaspace       used 207284K, committed 209088K, reserved 1245184K
  class space    used 29153K, committed 29952K, reserved 1048576K
}
Event: 38825.903 GC heap before
{Heap before GC invocations=2916 (full 0):
 garbage-first heap   total 3080192K, used 2382433K [0x0000000744000000, 0x0000000800000000)
  region size 32768K, 28 young (917504K), 1 survivors (32768K)
 Metaspace       used 207286K, committed 209088K, reserved 1245184K
  class space    used 29153K, committed 29952K, reserved 1048576K
}
Event: 38825.909 GC heap after
{Heap after GC invocations=2917 (full 0):
 garbage-first heap   total 3080192K, used 1496697K [0x0000000744000000, 0x0000000800000000)
  region size 32768K, 1 young (32768K), 1 survivors (32768K)
 Metaspace       used 207286K, committed 209088K, reserved 1245184K
  class space    used 29153K, committed 29952K, reserved 1048576K
}
Event: 38845.130 GC heap before
{Heap before GC invocations=2918 (full 0):
 garbage-first heap   total 3080192K, used 2381433K [0x0000000744000000, 0x0000000800000000)
  region size 32768K, 28 young (917504K), 1 survivors (32768K)
 Metaspace       used 207286K, committed 209088K, reserved 1245184K
  class space    used 29153K, committed 29952K, reserved 1048576K
}
Event: 38845.136 GC heap after
{Heap after GC invocations=2919 (full 0):
 garbage-first heap   total 3080192K, used 1497326K [0x0000000744000000, 0x0000000800000000)
  region size 32768K, 1 young (32768K), 1 survivors (32768K)
 Metaspace       used 207286K, committed 209088K, reserved 1245184K
  class space    used 29153K, committed 29952K, reserved 1048576K
}
Event: 38866.775 GC heap before
{Heap before GC invocations=2919 (full 0):
 garbage-first heap   total 3080192K, used 2382062K [0x0000000744000000, 0x0000000800000000)
  region size 32768K, 28 young (917504K), 1 survivors (32768K)
 Metaspace       used 207292K, committed 209088K, reserved 1245184K
  class space    used 29154K, committed 29952K, reserved 1048576K
}
Event: 38866.781 GC heap after
{Heap after GC invocations=2920 (full 0):
 garbage-first heap   total 3080192K, used 1496570K [0x0000000744000000, 0x0000000800000000)
  region size 32768K, 1 young (32768K), 1 survivors (32768K)
 Metaspace       used 207292K, committed 209088K, reserved 1245184K
  class space    used 29154K, committed 29952K, reserved 1048576K
}
Event: 38884.613 GC heap before
{Heap before GC invocations=2921 (full 0):
 garbage-first heap   total 3080192K, used 2381306K [0x0000000744000000, 0x0000000800000000)
  region size 32768K, 28 young (917504K), 1 survivors (32768K)
 Metaspace       used 207308K, committed 209152K, reserved 1245184K
  class space    used 29158K, committed 29952K, reserved 1048576K
}
Event: 38884.618 GC heap after
{Heap after GC invocations=2922 (full 0):
 garbage-first heap   total 3080192K, used 1496587K [0x0000000744000000, 0x0000000800000000)
  region size 32768K, 1 young (32768K), 1 survivors (32768K)
 Metaspace       used 207308K, committed 209152K, reserved 1245184K
  class space    used 29158K, committed 29952K, reserved 1048576K
}
Event: 38905.633 GC heap before
{Heap before GC invocations=2922 (full 0):
 garbage-first heap   total 3080192K, used 2381323K [0x0000000744000000, 0x0000000800000000)
  region size 32768K, 28 young (917504K), 1 survivors (32768K)
 Metaspace       used 207309K, committed 209152K, reserved 1245184K
  class space    used 29158K, committed 29952K, reserved 1048576K
}
Event: 38905.639 GC heap after
{Heap after GC invocations=2923 (full 0):
 garbage-first heap   total 3080192K, used 1499007K [0x0000000744000000, 0x0000000800000000)
  region size 32768K, 1 young (32768K), 1 survivors (32768K)
 Metaspace       used 207309K, committed 209152K, reserved 1245184K
  class space    used 29158K, committed 29952K, reserved 1048576K
}

